2016-10-27 11:17:10 [pool-1-thread-2]-[ERROR] 点击元素失败。定位方式[Locator.XPATH://android.widget.ImageView[contains(@index,'4')]]
java.lang.NullPointerException
	at com.wsc.framework.control.AppEmulator.click(AppEmulator.java:564)
	at com.wsc.framework.control.BaseControl.click_(BaseControl.java:223)
	at com.wsc.framework.control.Link.click(Link.java:44)
	at zhuanzhuanHomePage.homepage.actClickCycle(homepage.java:30)
	at zhuanzhuan一元快抢Case.TestHomeCase.testzhuanzhuan(TestHomeCase.java:16)
	at sun.reflect.NativeMethodAccessorImpl.invoke0(Native Method)
	at sun.reflect.NativeMethodAccessorImpl.invoke(NativeMethodAccessorImpl.java:62)
	at sun.reflect.DelegatingMethodAccessorImpl.invoke(DelegatingMethodAccessorImpl.java:43)
	at java.lang.reflect.Method.invoke(Method.java:498)
	at org.testng.internal.MethodInvocationHelper.invokeMethod(MethodInvocationHelper.java:86)
	at org.testng.internal.Invoker.invokeMethod(Invoker.java:643)
	at org.testng.internal.Invoker.invokeTestMethod(Invoker.java:820)
	at org.testng.internal.Invoker.invokeTestMethods(Invoker.java:1128)
	at org.testng.internal.TestMethodWorker.invokeTestMethods(TestMethodWorker.java:129)
	at org.testng.internal.TestMethodWorker.run(TestMethodWorker.java:112)
	at java.util.concurrent.ThreadPoolExecutor.runWorker(ThreadPoolExecutor.java:1142)
	at java.util.concurrent.ThreadPoolExecutor$Worker.run(ThreadPoolExecutor.java:617)
	at java.lang.Thread.run(Thread.java:745)
2016-10-27 11:17:10 [pool-1-thread-2]-[ERROR] 方法[zhuanzhuan一元快抢Case.TestHomeCase.testzhuanzhuan]执行失败
java.lang.RuntimeException: 点击元素失败。定位方式[Locator.XPATH://android.widget.ImageView[contains(@index,'4')]]
	at com.wsc.framework.control.AppEmulator.handleFailure(AppEmulator.java:690)
	at com.wsc.framework.control.AppEmulator.click(AppEmulator.java:566)
	at com.wsc.framework.control.BaseControl.click_(BaseControl.java:223)
	at com.wsc.framework.control.Link.click(Link.java:44)
	at zhuanzhuanHomePage.homepage.actClickCycle(homepage.java:30)
	at zhuanzhuan一元快抢Case.TestHomeCase.testzhuanzhuan(TestHomeCase.java:16)
	at sun.reflect.NativeMethodAccessorImpl.invoke0(Native Method)
	at sun.reflect.NativeMethodAccessorImpl.invoke(NativeMethodAccessorImpl.java:62)
	at sun.reflect.DelegatingMethodAccessorImpl.invoke(DelegatingMethodAccessorImpl.java:43)
	at java.lang.reflect.Method.invoke(Method.java:498)
	at org.testng.internal.MethodInvocationHelper.invokeMethod(MethodInvocationHelper.java:86)
	at org.testng.internal.Invoker.invokeMethod(Invoker.java:643)
	at org.testng.internal.Invoker.invokeTestMethod(Invoker.java:820)
	at org.testng.internal.Invoker.invokeTestMethods(Invoker.java:1128)
	at org.testng.internal.TestMethodWorker.invokeTestMethods(TestMethodWorker.java:129)
	at org.testng.internal.TestMethodWorker.run(TestMethodWorker.java:112)
	at java.util.concurrent.ThreadPoolExecutor.runWorker(ThreadPoolExecutor.java:1142)
	at java.util.concurrent.ThreadPoolExecutor$Worker.run(ThreadPoolExecutor.java:617)
	at java.lang.Thread.run(Thread.java:745)
Caused by: java.lang.NullPointerException
	at com.wsc.framework.control.AppEmulator.click(AppEmulator.java:564)
	... 17 more
2016-10-27 11:19:27 [pool-1-thread-1]-[ERROR] sss不存在
2016-10-27 11:19:27 [pool-1-thread-1]-[ERROR] 方法[zhuanzhuan一元快抢Case.TestCase1.testzhuanzhuan]执行失败
java.lang.RuntimeException: sss不存在
	at com.wsc.framework.control.AppEmulator.handleFailure(AppEmulator.java:690)
	at zhuanzhuan一元快抢Case.TestCase1.testzhuanzhuan(TestCase1.java:21)
	at sun.reflect.NativeMethodAccessorImpl.invoke0(Native Method)
	at sun.reflect.NativeMethodAccessorImpl.invoke(NativeMethodAccessorImpl.java:62)
	at sun.reflect.DelegatingMethodAccessorImpl.invoke(DelegatingMethodAccessorImpl.java:43)
	at java.lang.reflect.Method.invoke(Method.java:498)
	at org.testng.internal.MethodInvocationHelper.invokeMethod(MethodInvocationHelper.java:86)
	at org.testng.internal.Invoker.invokeMethod(Invoker.java:643)
	at org.testng.internal.Invoker.invokeTestMethod(Invoker.java:820)
	at org.testng.internal.Invoker.invokeTestMethods(Invoker.java:1128)
	at org.testng.internal.TestMethodWorker.invokeTestMethods(TestMethodWorker.java:129)
	at org.testng.internal.TestMethodWorker.run(TestMethodWorker.java:112)
	at java.util.concurrent.ThreadPoolExecutor.runWorker(ThreadPoolExecutor.java:1142)
	at java.util.concurrent.ThreadPoolExecutor$Worker.run(ThreadPoolExecutor.java:617)
	at java.lang.Thread.run(Thread.java:745)
2016-10-27 11:20:11 [pool-1-thread-2]-[ERROR] 点击元素失败。定位方式[Locator.XPATH://android.widget.ImageView[contains(@index,'4')]]
java.lang.NullPointerException
	at com.wsc.framework.control.AppEmulator.click(AppEmulator.java:564)
	at com.wsc.framework.control.BaseControl.click_(BaseControl.java:223)
	at com.wsc.framework.control.Link.click(Link.java:44)
	at zhuanzhuanHomePage.homepage.actClickCycle(homepage.java:30)
	at zhuanzhuan一元快抢Case.TestHomeCase.testzhuanzhuan(TestHomeCase.java:16)
	at sun.reflect.NativeMethodAccessorImpl.invoke0(Native Method)
	at sun.reflect.NativeMethodAccessorImpl.invoke(NativeMethodAccessorImpl.java:62)
	at sun.reflect.DelegatingMethodAccessorImpl.invoke(DelegatingMethodAccessorImpl.java:43)
	at java.lang.reflect.Method.invoke(Method.java:498)
	at org.testng.internal.MethodInvocationHelper.invokeMethod(MethodInvocationHelper.java:86)
	at org.testng.internal.Invoker.invokeMethod(Invoker.java:643)
	at org.testng.internal.Invoker.invokeTestMethod(Invoker.java:820)
	at org.testng.internal.Invoker.invokeTestMethods(Invoker.java:1128)
	at org.testng.internal.TestMethodWorker.invokeTestMethods(TestMethodWorker.java:129)
	at org.testng.internal.TestMethodWorker.run(TestMethodWorker.java:112)
	at java.util.concurrent.ThreadPoolExecutor.runWorker(ThreadPoolExecutor.java:1142)
	at java.util.concurrent.ThreadPoolExecutor$Worker.run(ThreadPoolExecutor.java:617)
	at java.lang.Thread.run(Thread.java:745)
2016-10-27 11:20:11 [pool-1-thread-2]-[ERROR] 方法[zhuanzhuan一元快抢Case.TestHomeCase.testzhuanzhuan]执行失败
java.lang.RuntimeException: 点击元素失败。定位方式[Locator.XPATH://android.widget.ImageView[contains(@index,'4')]]
	at com.wsc.framework.control.AppEmulator.handleFailure(AppEmulator.java:690)
	at com.wsc.framework.control.AppEmulator.click(AppEmulator.java:566)
	at com.wsc.framework.control.BaseControl.click_(BaseControl.java:223)
	at com.wsc.framework.control.Link.click(Link.java:44)
	at zhuanzhuanHomePage.homepage.actClickCycle(homepage.java:30)
	at zhuanzhuan一元快抢Case.TestHomeCase.testzhuanzhuan(TestHomeCase.java:16)
	at sun.reflect.NativeMethodAccessorImpl.invoke0(Native Method)
	at sun.reflect.NativeMethodAccessorImpl.invoke(NativeMethodAccessorImpl.java:62)
	at sun.reflect.DelegatingMethodAccessorImpl.invoke(DelegatingMethodAccessorImpl.java:43)
	at java.lang.reflect.Method.invoke(Method.java:498)
	at org.testng.internal.MethodInvocationHelper.invokeMethod(MethodInvocationHelper.java:86)
	at org.testng.internal.Invoker.invokeMethod(Invoker.java:643)
	at org.testng.internal.Invoker.invokeTestMethod(Invoker.java:820)
	at org.testng.internal.Invoker.invokeTestMethods(Invoker.java:1128)
	at org.testng.internal.TestMethodWorker.invokeTestMethods(TestMethodWorker.java:129)
	at org.testng.internal.TestMethodWorker.run(TestMethodWorker.java:112)
	at java.util.concurrent.ThreadPoolExecutor.runWorker(ThreadPoolExecutor.java:1142)
	at java.util.concurrent.ThreadPoolExecutor$Worker.run(ThreadPoolExecutor.java:617)
	at java.lang.Thread.run(Thread.java:745)
Caused by: java.lang.NullPointerException
	at com.wsc.framework.control.AppEmulator.click(AppEmulator.java:564)
	... 17 more
2016-10-27 11:22:24 [pool-1-thread-2]-[ERROR] 点击元素失败。定位方式[Locator.XPATH://android.widget.ImageView[contains(@index,'4')]]
java.lang.NullPointerException
	at com.wsc.framework.control.AppEmulator.click(AppEmulator.java:564)
	at com.wsc.framework.control.BaseControl.click_(BaseControl.java:223)
	at com.wsc.framework.control.Link.click(Link.java:44)
	at zhuanzhuanHomePage.homepage.actClickCycle(homepage.java:30)
	at zhuanzhuan一元快抢Case.TestHomeCase.testzhuanzhuan(TestHomeCase.java:16)
	at sun.reflect.NativeMethodAccessorImpl.invoke0(Native Method)
	at sun.reflect.NativeMethodAccessorImpl.invoke(NativeMethodAccessorImpl.java:62)
	at sun.reflect.DelegatingMethodAccessorImpl.invoke(DelegatingMethodAccessorImpl.java:43)
	at java.lang.reflect.Method.invoke(Method.java:498)
	at org.testng.internal.MethodInvocationHelper.invokeMethod(MethodInvocationHelper.java:86)
	at org.testng.internal.Invoker.invokeMethod(Invoker.java:643)
	at org.testng.internal.Invoker.invokeTestMethod(Invoker.java:820)
	at org.testng.internal.Invoker.invokeTestMethods(Invoker.java:1128)
	at org.testng.internal.TestMethodWorker.invokeTestMethods(TestMethodWorker.java:129)
	at org.testng.internal.TestMethodWorker.run(TestMethodWorker.java:112)
	at java.util.concurrent.ThreadPoolExecutor.runWorker(ThreadPoolExecutor.java:1142)
	at java.util.concurrent.ThreadPoolExecutor$Worker.run(ThreadPoolExecutor.java:617)
	at java.lang.Thread.run(Thread.java:745)
2016-10-27 11:22:24 [pool-1-thread-2]-[ERROR] 方法[zhuanzhuan一元快抢Case.TestHomeCase.testzhuanzhuan]执行失败
java.lang.RuntimeException: 点击元素失败。定位方式[Locator.XPATH://android.widget.ImageView[contains(@index,'4')]]
	at com.wsc.framework.control.AppEmulator.handleFailure(AppEmulator.java:690)
	at com.wsc.framework.control.AppEmulator.click(AppEmulator.java:566)
	at com.wsc.framework.control.BaseControl.click_(BaseControl.java:223)
	at com.wsc.framework.control.Link.click(Link.java:44)
	at zhuanzhuanHomePage.homepage.actClickCycle(homepage.java:30)
	at zhuanzhuan一元快抢Case.TestHomeCase.testzhuanzhuan(TestHomeCase.java:16)
	at sun.reflect.NativeMethodAccessorImpl.invoke0(Native Method)
	at sun.reflect.NativeMethodAccessorImpl.invoke(NativeMethodAccessorImpl.java:62)
	at sun.reflect.DelegatingMethodAccessorImpl.invoke(DelegatingMethodAccessorImpl.java:43)
	at java.lang.reflect.Method.invoke(Method.java:498)
	at org.testng.internal.MethodInvocationHelper.invokeMethod(MethodInvocationHelper.java:86)
	at org.testng.internal.Invoker.invokeMethod(Invoker.java:643)
	at org.testng.internal.Invoker.invokeTestMethod(Invoker.java:820)
	at org.testng.internal.Invoker.invokeTestMethods(Invoker.java:1128)
	at org.testng.internal.TestMethodWorker.invokeTestMethods(TestMethodWorker.java:129)
	at org.testng.internal.TestMethodWorker.run(TestMethodWorker.java:112)
	at java.util.concurrent.ThreadPoolExecutor.runWorker(ThreadPoolExecutor.java:1142)
	at java.util.concurrent.ThreadPoolExecutor$Worker.run(ThreadPoolExecutor.java:617)
	at java.lang.Thread.run(Thread.java:745)
Caused by: java.lang.NullPointerException
	at com.wsc.framework.control.AppEmulator.click(AppEmulator.java:564)
	... 17 more
2016-10-27 11:22:41 [pool-1-thread-1]-[ERROR] sss不存在
2016-10-27 11:22:41 [pool-1-thread-1]-[ERROR] 方法[zhuanzhuan一元快抢Case.TestCase1.testzhuanzhuan]执行失败
java.lang.RuntimeException: sss不存在
	at com.wsc.framework.control.AppEmulator.handleFailure(AppEmulator.java:690)
	at zhuanzhuan一元快抢Case.TestCase1.testzhuanzhuan(TestCase1.java:21)
	at sun.reflect.NativeMethodAccessorImpl.invoke0(Native Method)
	at sun.reflect.NativeMethodAccessorImpl.invoke(NativeMethodAccessorImpl.java:62)
	at sun.reflect.DelegatingMethodAccessorImpl.invoke(DelegatingMethodAccessorImpl.java:43)
	at java.lang.reflect.Method.invoke(Method.java:498)
	at org.testng.internal.MethodInvocationHelper.invokeMethod(MethodInvocationHelper.java:86)
	at org.testng.internal.Invoker.invokeMethod(Invoker.java:643)
	at org.testng.internal.Invoker.invokeTestMethod(Invoker.java:820)
	at org.testng.internal.Invoker.invokeTestMethods(Invoker.java:1128)
	at org.testng.internal.TestMethodWorker.invokeTestMethods(TestMethodWorker.java:129)
	at org.testng.internal.TestMethodWorker.run(TestMethodWorker.java:112)
	at java.util.concurrent.ThreadPoolExecutor.runWorker(ThreadPoolExecutor.java:1142)
	at java.util.concurrent.ThreadPoolExecutor$Worker.run(ThreadPoolExecutor.java:617)
	at java.lang.Thread.run(Thread.java:745)
